[{"stream_name":"stderr","time":3.613088083,"data":"/opt/conda/lib/python3.10/site-packages/traitlets/traitlets.py:2930: FutureWarning: --Exporter.preprocessors=[\"nbconvert.preprocessors.ExtractOutputPreprocessor\"] for containers is deprecated in traitlets 5.0. You can pass `--Exporter.preprocessors item` ... multiple times to add items to a list.\n"}
,{"stream_name":"stderr","time":3.613162889,"data":"  warn(\n"}
,{"stream_name":"stderr","time":3.619712731,"data":"[NbConvertApp] WARNING | Config option `kernel_spec_manager_class` not recognized by `NbConvertApp`.\n"}
,{"stream_name":"stderr","time":3.713407625,"data":"[NbConvertApp] Converting notebook __notebook__.ipynb to html\n"}
,{"stream_name":"stderr","time":5.76169049,"data":"[NbConvertApp] Support files will be in __results___files/\n"}
,{"stream_name":"stderr","time":5.761749282,"data":"[NbConvertApp] Making directory __results___files\n"}
,{"stream_name":"stderr","time":5.762418804,"data":"[NbConvertApp] Making directory __results___files\n"}
,{"stream_name":"stderr","time":5.762715357,"data":"[NbConvertApp] Making directory __results___files\n"}
,{"stream_name":"stderr","time":5.763396378,"data":"[NbConvertApp] Making directory __results___files\n"}
,{"stream_name":"stderr","time":5.76356202,"data":"[NbConvertApp] Making directory __results___files\n"}
,{"stream_name":"stderr","time":5.763582509,"data":"[NbConvertApp] Making directory __results___files\n"}
,{"stream_name":"stderr","time":5.76370496,"data":"[NbConvertApp] Making directory __results___files\n"}
,{"stream_name":"stderr","time":5.763964971,"data":"[NbConvertApp] Making directory __results___files\n"}
,{"stream_name":"stderr","time":5.764153705,"data":"[NbConvertApp] Making directory __results___files\n"}
,{"stream_name":"stderr","time":5.764328507,"data":"[NbConvertApp] Making directory __results___files\n"}
,{"stream_name":"stderr","time":5.764491852,"data":"[NbConvertApp] Making directory __results___files\n"}
,{"stream_name":"stderr","time":5.764612724,"data":"[NbConvertApp] Making directory __results___files\n"}
,{"stream_name":"stderr","time":5.764787647,"data":"[NbConvertApp] Making directory __results___files\n"}
,{"stream_name":"stderr","time":5.764994777,"data":"[NbConvertApp] Making directory __results___files\n"}
,{"stream_name":"stderr","time":5.765143879,"data":"[NbConvertApp] Making directory __results___files\n"}
,{"stream_name":"stderr","time":5.76529195,"data":"[NbConvertApp] Making directory __results___files\n"}
,{"stream_name":"stderr","time":5.765458017,"data":"[NbConvertApp] Making directory __results___files\n"}
,{"stream_name":"stderr","time":5.765603551,"data":"[NbConvertApp] Making directory __results___files\n"}
,{"stream_name":"stderr","time":5.765777045,"data":"[NbConvertApp] Making directory __results___files\n"}
,{"stream_name":"stderr","time":5.766002708,"data":"[NbConvertApp] Making directory __results___files\n"}
,{"stream_name":"stderr","time":5.766149008,"data":"[NbConvertApp] Making directory __results___files\n"}
,{"stream_name":"stderr","time":5.766371653,"data":"[NbConvertApp] Making directory __results___files\n"}
,{"stream_name":"stderr","time":5.766766564,"data":"[NbConvertApp] Making directory __results___files\n"}
,{"stream_name":"stderr","time":5.766936636,"data":"[NbConvertApp] Making directory __results___files\n"}
,{"stream_name":"stderr","time":5.767255072,"data":"[NbConvertApp] Making directory __results___files\n"}
,{"stream_name":"stderr","time":5.767369733,"data":"[NbConvertApp] Making directory __results___files\n"}
,{"stream_name":"stderr","time":5.767535728,"data":"[NbConvertApp] Making directory __results___files\n"}
,{"stream_name":"stderr","time":5.767703395,"data":"[NbConvertApp] Making directory __results___files\n"}
,{"stream_name":"stderr","time":5.767814029,"data":"[NbConvertApp] Making directory __results___files\n"}
,{"stream_name":"stderr","time":5.7680763299999995,"data":"[NbConvertApp] Making directory __results___files\n"}
,{"stream_name":"stderr","time":5.771433346,"data":"[NbConvertApp] Making directory __results___files\n"}
,{"stream_name":"stderr","time":5.772042045,"data":"[NbConvertApp] Making directory __results___files\n"}
,{"stream_name":"stderr","time":5.772220068,"data":"[NbConvertApp] Making directory __results___files\n"}
,{"stream_name":"stderr","time":5.772392756,"data":"[NbConvertApp] Making directory __results___files\n"}
,{"stream_name":"stderr","time":5.772596843,"data":"[NbConvertApp] Making directory __results___files\n"}
,{"stream_name":"stderr","time":5.772810563,"data":"[NbConvertApp] Making directory __results___files\n"}
,{"stream_name":"stderr","time":5.773191389,"data":"[NbConvertApp] Making directory __results___files\n"}
,{"stream_name":"stderr","time":5.773601023,"data":"[NbConvertApp] Making directory __results___files\n"}
,{"stream_name":"stderr","time":5.774094296,"data":"[NbConvertApp] Making directory __results___files\n"}
,{"stream_name":"stderr","time":5.7744967240000005,"data":"[NbConvertApp] Writing 599783 bytes to __results__.html\n"}
]